2024-03-26 16:56:34 - [32minfo[39m: Creating configuration file...
2024-03-26 16:56:34 - [32minfo[39m: Adding new script(s) in package.json...
2024-03-26 16:56:34 - [32minfo[39m: Setup completed
2024-03-26 18:21:45 - [32minfo[39m: Reading configs from C:\Users\rober\Desktop\aaaa\BrowserStack\browserstack.yml
2024-03-26 18:21:45 - [32minfo[39m: parallelsPerPlatform was not defined and has been set to 1 (Default)
2024-03-26 18:21:45 - [32minfo[39m: Project and debug logs are captured by default. To disable, set disableAutoCaptureLogs: true in config.
2024-03-26 18:21:49 - [32minfo[39m: Local binary started successfully
2024-03-26 18:21:50 - [31merror[39m: Error: C:\Users\rober\Desktop\aaaa\BrowserStack\playwright.config.js does not exist
    at resolveConfigFile (C:\Users\rober\Desktop\aaaa\BrowserStack\node_modules\playwright\lib\common\configLoader.js:236:52)
    at Object.rfaOr (C:\Users\rober\Desktop\aaaa\BrowserStack\node_modules\browserstack-node-sdk\src\bin\playwright\command.js:2:3213)
    at getUserPlaywrightConfig (C:\Users\rober\Desktop\aaaa\BrowserStack\node_modules\browserstack-node-sdk\src\bin\playwright\command.js:2:3985)
    at Object.aOuTc (C:\Users\rober\Desktop\aaaa\BrowserStack\node_modules\browserstack-node-sdk\src\bin\playwright\command.js:2:17951)
    at run (C:\Users\rober\Desktop\aaaa\BrowserStack\node_modules\browserstack-node-sdk\src\bin\playwright\command.js:2:25988)
    at process.processTicksAndRejections (node:internal/process/task_queues:95:5)
    at async captureError (C:\Users\rober\Desktop\aaaa\BrowserStack\node_modules\browserstack-node-sdk\src\bin\runner.js:2:1919)
2024-03-26 18:21:53 - [32minfo[39m: Local binary stopped
2024-03-26 18:22:45 - [32minfo[39m: Reading configs from C:\Users\rober\Desktop\aaaa\BrowserStack\browserstack.yml
2024-03-26 18:22:45 - [32minfo[39m: parallelsPerPlatform was not defined and has been set to 1 (Default)
2024-03-26 18:22:45 - [32minfo[39m: Project and debug logs are captured by default. To disable, set disableAutoCaptureLogs: true in config.
2024-03-26 18:22:49 - [32minfo[39m: Local binary started successfully
2024-03-26 18:22:50 - [31merror[39m: Error: C:\Users\rober\Desktop\aaaa\BrowserStack\playwright.config.js does not exist
    at resolveConfigFile (C:\Users\rober\Desktop\aaaa\BrowserStack\node_modules\playwright\lib\common\configLoader.js:236:52)
    at Object.rfaOr (C:\Users\rober\Desktop\aaaa\BrowserStack\node_modules\browserstack-node-sdk\src\bin\playwright\command.js:2:3213)
    at getUserPlaywrightConfig (C:\Users\rober\Desktop\aaaa\BrowserStack\node_modules\browserstack-node-sdk\src\bin\playwright\command.js:2:3985)
    at Object.aOuTc (C:\Users\rober\Desktop\aaaa\BrowserStack\node_modules\browserstack-node-sdk\src\bin\playwright\command.js:2:17951)
    at run (C:\Users\rober\Desktop\aaaa\BrowserStack\node_modules\browserstack-node-sdk\src\bin\playwright\command.js:2:25988)
    at process.processTicksAndRejections (node:internal/process/task_queues:95:5)
    at async captureError (C:\Users\rober\Desktop\aaaa\BrowserStack\node_modules\browserstack-node-sdk\src\bin\runner.js:2:1919)
2024-03-26 18:22:53 - [32minfo[39m: Local binary stopped
2024-03-26 18:23:07 - [32minfo[39m: Reading configs from C:\Users\rober\Desktop\aaaa\BrowserStack\browserstack.yml
2024-03-26 18:23:07 - [32minfo[39m: parallelsPerPlatform was not defined and has been set to 1 (Default)
2024-03-26 18:23:07 - [32minfo[39m: Project and debug logs are captured by default. To disable, set disableAutoCaptureLogs: true in config.
2024-03-26 18:23:11 - [32minfo[39m: Local binary started successfully
2024-03-26 18:23:12 - [32minfo[39m: Getting your playwright config from C:\Users\rober\Desktop\aaaa\BrowserStack\playwright.config.ts
2024-03-26 18:23:14 - [32minfo[39m: Adding browserstack configs to setup for Observability
2024-03-26 18:24:33 - [32minfo[39m: Visit https://observability.browserstack.com/builds/fdvtf9tsrigg9wkk4qqlcx1ti8gorlqoydarwcbl to view build report, insights, and many more debugging information all at one place!

2024-03-26 18:24:33 - [32minfo[39m: View build on BrowserStack dashboard: https://automate.browserstack.com/dashboard/v2/builds/ec0870381c4f8a12de72e954ed04cd98b22c37d4
2024-03-26 18:24:34 - [32minfo[39m: Deleting C:\Users\rober\Desktop\aaaa\BrowserStack\playwright-browserstack-sdk.config.js
2024-03-26 18:24:38 - [32minfo[39m: Local binary stopped
2024-03-26 18:29:47 - [32minfo[39m: Reading configs from C:\Users\rober\Desktop\aaaa\BrowserStack\browserstack.yml
2024-03-26 18:29:47 - [32minfo[39m: parallelsPerPlatform was not defined and has been set to 1 (Default)
2024-03-26 18:29:47 - [32minfo[39m: Project and debug logs are captured by default. To disable, set disableAutoCaptureLogs: true in config.
2024-03-26 18:29:51 - [32minfo[39m: Local binary started successfully
2024-03-26 18:29:52 - [32minfo[39m: Getting your playwright config from C:\Users\rober\Desktop\aaaa\BrowserStack\playwright.config.ts
2024-03-26 18:29:53 - [32minfo[39m: Adding browserstack configs to setup for Observability
2024-03-26 18:41:28 - [32minfo[39m: Local binary stopped
2024-03-26 18:41:55 - [32minfo[39m: Visit https://observability.browserstack.com/builds/bwcls0qjnbogivaj7d1h62clfebje9ldizi3w7df to view build report, insights, and many more debugging information all at one place!

2024-03-26 18:46:13 - [32minfo[39m: Reading configs from C:\Users\rober\Desktop\aaaa\BrowserStack\browserstack.yml
2024-03-26 18:46:13 - [32minfo[39m: parallelsPerPlatform was not defined and has been set to 1 (Default)
2024-03-26 18:46:13 - [32minfo[39m: Project and debug logs are captured by default. To disable, set disableAutoCaptureLogs: true in config.
2024-03-26 18:46:17 - [32minfo[39m: Local binary started successfully
2024-03-26 18:46:18 - [32minfo[39m: Getting your playwright config from C:\Users\rober\Desktop\aaaa\BrowserStack\playwright.config.ts
2024-03-26 18:46:19 - [32minfo[39m: Adding browserstack configs to setup for Observability
2024-03-27 08:45:34 - [32minfo[39m: Reading configs from C:\Users\rober\Desktop\aaaa\BrowserStack\browserstack.yml
2024-03-27 08:45:34 - [32minfo[39m: parallelsPerPlatform was not defined and has been set to 1 (Default)
2024-03-27 08:45:34 - [32minfo[39m: Project and debug logs are captured by default. To disable, set disableAutoCaptureLogs: true in config.
2024-03-27 08:45:39 - [32minfo[39m: Local binary started successfully
2024-03-27 08:45:40 - [32minfo[39m: Getting your playwright config from C:\Users\rober\Desktop\aaaa\BrowserStack\playwright.config.ts
2024-03-27 08:45:41 - [32minfo[39m: Adding browserstack configs to setup for Observability
2024-03-27 08:57:14 - [32minfo[39m: Reading configs from C:\Users\rober\Desktop\aaaa\BrowserStack\browserstack.yml
2024-03-27 08:57:14 - [32minfo[39m: parallelsPerPlatform was not defined and has been set to 1 (Default)
2024-03-27 08:57:14 - [32minfo[39m: Project and debug logs are captured by default. To disable, set disableAutoCaptureLogs: true in config.
2024-03-27 08:57:18 - [32minfo[39m: Local binary started successfully
2024-03-27 08:57:19 - [32minfo[39m: Getting your playwright config from C:\Users\rober\Desktop\aaaa\BrowserStack\playwright.config.ts
2024-03-27 08:57:20 - [32minfo[39m: Adding browserstack configs to setup for Observability
2024-03-27 09:09:05 - [32minfo[39m: Reading configs from C:\Users\rober\Desktop\aaaa\BrowserStack\browserstack.yml
2024-03-27 09:09:05 - [32minfo[39m: parallelsPerPlatform was not defined and has been set to 1 (Default)
2024-03-27 09:09:05 - [32minfo[39m: Project and debug logs are captured by default. To disable, set disableAutoCaptureLogs: true in config.
2024-03-27 09:09:09 - [32minfo[39m: Local binary started successfully
2024-03-27 09:09:10 - [32minfo[39m: Getting your playwright config from C:\Users\rober\Desktop\aaaa\BrowserStack\playwright.config.ts
2024-03-27 09:18:25 - [32minfo[39m: Reading configs from C:\Users\rober\Desktop\aaaa\BrowserStack\browserstack.yml
2024-03-27 09:18:25 - [32minfo[39m: parallelsPerPlatform was not defined and has been set to 1 (Default)
2024-03-27 09:18:25 - [32minfo[39m: Project and debug logs are captured by default. To disable, set disableAutoCaptureLogs: true in config.
2024-03-27 09:18:30 - [32minfo[39m: Local binary started successfully
2024-03-27 09:18:31 - [32minfo[39m: Getting your playwright config from C:\Users\rober\Desktop\aaaa\BrowserStack\playwright.config.ts
2024-03-27 09:20:30 - [32minfo[39m: Reading configs from C:\Users\rober\Desktop\aaaa\BrowserStack\browserstack.yml
2024-03-27 09:20:30 - [32minfo[39m: parallelsPerPlatform was not defined and has been set to 1 (Default)
2024-03-27 09:20:30 - [32minfo[39m: Project and debug logs are captured by default. To disable, set disableAutoCaptureLogs: true in config.
2024-03-27 09:20:34 - [32minfo[39m: Local binary started successfully
2024-03-27 09:20:35 - [32minfo[39m: Getting your playwright config from C:\Users\rober\Desktop\aaaa\BrowserStack\playwright.config.ts
2024-03-27 10:43:18 - [32minfo[39m: Reading configs from C:\Users\rober\Desktop\aaaa\BrowserStack\browserstack.yml
2024-03-27 10:43:18 - [32minfo[39m: parallelsPerPlatform was not defined and has been set to 1 (Default)
2024-03-27 10:43:18 - [32minfo[39m: Project and debug logs are captured by default. To disable, set disableAutoCaptureLogs: true in config.
2024-03-27 10:43:22 - [32minfo[39m: Local binary started successfully
2024-03-27 10:43:23 - [32minfo[39m: Getting your playwright config from C:\Users\rober\Desktop\aaaa\BrowserStack\playwright.config.ts
2024-03-27 10:49:05 - [32minfo[39m: Reading configs from C:\Users\rober\Desktop\aaaa\BrowserStack\browserstack.yml
2024-03-27 10:49:05 - [32minfo[39m: parallelsPerPlatform was not defined and has been set to 1 (Default)
2024-03-27 10:49:05 - [32minfo[39m: Project and debug logs are captured by default. To disable, set disableAutoCaptureLogs: true in config.
2024-03-27 10:49:09 - [32minfo[39m: Local binary started successfully
2024-03-27 10:49:10 - [32minfo[39m: Getting your playwright config from C:\Users\rober\Desktop\aaaa\BrowserStack\playwright.config.ts
2024-03-27 10:56:20 - [32minfo[39m: Reading configs from C:\Users\rober\Desktop\aaaa\BrowserStack\browserstack.yml
2024-03-27 10:56:20 - [32minfo[39m: parallelsPerPlatform was not defined and has been set to 1 (Default)
2024-03-27 10:56:20 - [32minfo[39m: Project and debug logs are captured by default. To disable, set disableAutoCaptureLogs: true in config.
2024-03-27 10:56:24 - [32minfo[39m: Local binary started successfully
2024-03-27 10:56:25 - [32minfo[39m: Getting your playwright config from C:\Users\rober\Desktop\aaaa\BrowserStack\playwright.config.ts
2024-03-27 10:57:31 - [32minfo[39m: Reading configs from C:\Users\rober\Desktop\aaaa\BrowserStack\browserstack.yml
2024-03-27 10:57:31 - [32minfo[39m: parallelsPerPlatform was not defined and has been set to 1 (Default)
2024-03-27 10:57:31 - [32minfo[39m: Project and debug logs are captured by default. To disable, set disableAutoCaptureLogs: true in config.
2024-03-27 10:57:35 - [32minfo[39m: Local binary started successfully
2024-03-27 10:57:36 - [32minfo[39m: Getting your playwright config from C:\Users\rober\Desktop\aaaa\BrowserStack\playwright.config.ts
2024-03-27 12:07:20 - [32minfo[39m: Reading configs from C:\Users\rober\Desktop\aaaa\BrowserStack\browserstack.yml
2024-03-27 12:07:20 - [32minfo[39m: parallelsPerPlatform was not defined and has been set to 1 (Default)
2024-03-27 12:07:20 - [32minfo[39m: Project and debug logs are captured by default. To disable, set disableAutoCaptureLogs: true in config.
2024-03-27 12:07:24 - [32minfo[39m: Local binary started successfully
2024-03-27 12:07:25 - [32minfo[39m: Getting your playwright config from C:\Users\rober\Desktop\aaaa\BrowserStack\playwright.config.ts
2024-03-27 12:08:46 - [32minfo[39m: Reading configs from C:\Users\rober\Desktop\aaaa\BrowserStack\browserstack.yml
2024-03-27 12:08:46 - [32minfo[39m: parallelsPerPlatform was not defined and has been set to 1 (Default)
2024-03-27 12:08:46 - [32minfo[39m: Project and debug logs are captured by default. To disable, set disableAutoCaptureLogs: true in config.
2024-03-27 12:08:50 - [32minfo[39m: Local binary started successfully
2024-03-27 12:08:51 - [32minfo[39m: Getting your playwright config from C:\Users\rober\Desktop\aaaa\BrowserStack\playwright.config.ts
